<?xml version="1.0" encoding="UTF-8"?>
<!-- Generated by org.testng.reporters.JUnitReportReporter -->
<testsuite hostname="DESKTOP-M58SEUS" name="zhkj.test.jsqTest" tests="1" failures="0" timestamp="3 Jan 2019 09:26:37 GMT" time="2.632" errors="0">
  <testcase name="plus" time="2.632" classname="zhkj.test.jsqTest"/>
</testsuite> <!-- zhkj.test.jsqTest -->
