<?xml version="1.0" encoding="UTF-8"?>
<!-- Generated by org.testng.reporters.JUnitReportReporter -->
<testsuite hostname="DESKTOP-M58SEUS" name="zhkj.test.LoginTest" tests="1" failures="0" timestamp="3 Jan 2019 09:26:37 GMT" time="39.074" errors="0">
  <testcase name="testLogin" time="39.074" classname="zhkj.test.LoginTest"/>
</testsuite> <!-- zhkj.test.LoginTest -->
